core   0: 0x0000000000001000 (0x00000297) auipc   t0, 0x0
3 0x00001000 (0x00000297) x 5 0x00001000
core   0: 0x0000000000001004 (0x02028593) addi    a1, t0, 32
3 0x00001004 (0x02028593) x11 0x00001020
core   0: 0x0000000000001008 (0xf1402573) csrr    a0, mhartid
3 0x00001008 (0xf1402573) x10 0x00000000
core   0: 0x000000000000100c (0x0182a283) lw      t0, 24(t0)
3 0x0000100c (0x0182a283) x 5 0x80000000 mem 0x00001018
core   0: 0x0000000000001010 (0x00028067) jr      t0
3 0x00001010 (0x00028067)
core   0: 0xffffffff80000000 (0x130001b7) lui     gp, 0x13000
3 0x80000000 (0x130001b7) x 3 0x13000000
core   0: 0xffffffff80000004 (0x00300513) addi    a0, zero, 3
3 0x80000004 (0x00300513) x10 0x00000003
core   0: 0xffffffff80000008 (0x00400593) addi    a1, zero, 4
3 0x80000008 (0x00400593) x11 0x00000004
core   0: 0xffffffff8000000c (0x00000117) auipc   sp, 0x0
3 0x8000000c (0x00000117) x 2 0x8000000c
core   0: 0xffffffff80000010 (0x0a810113) addi    sp, sp, 168
3 0x80000010 (0x0a810113) x 2 0x800000b4
core   0: 0xffffffff80000014 (0x00000217) auipc   tp, 0x0
3 0x80000014 (0x00000217) x 4 0x80000014
core   0: 0xffffffff80000018 (0x0b220213) addi    tp, tp, 178
3 0x80000018 (0x0b220213) x 4 0x800000c6
core   0: 0xffffffff8000001c (0x00000e97) auipc   t4, 0x0
3 0x8000001c (0x00000e97) x29 0x8000001c
core   0: 0xffffffff80000020 (0x0cce8e93) addi    t4, t4, 204
3 0x80000020 (0x0cce8e93) x29 0x800000e8
core   0: 0xffffffff80000024 (0x00000fb7) lui     t6, 0x0
3 0x80000024 (0x00000fb7) x31 0x00000000
core   0: 0xffffffff80000028 (0x00000637) lui     a2, 0x0
3 0x80000028 (0x00000637) x12 0x00000000
core   0: 0xffffffff8000002c (0x00162693) slti    a3, a2, 1
3 0x8000002c (0x00162693) x13 0x00000001
core   0: 0xffffffff80000030 (0x00a60863) beq     a2, a0, pc + 16
3 0x80000030 (0x00a60863)
core   0: 0xffffffff80000034 (0x40d50533) sub     a0, a0, a3
3 0x80000034 (0x40d50533) x10 0x00000002
core   0: 0xffffffff80000038 (0x00bf8fb3) add     t6, t6, a1
3 0x80000038 (0x00bf8fb3) x31 0x00000004
core   0: 0xffffffff8000003c (0xfea61ce3) bne     a2, a0, pc - 8
3 0x8000003c (0xfea61ce3)
core   0: 0xffffffff80000034 (0x40d50533) sub     a0, a0, a3
3 0x80000034 (0x40d50533) x10 0x00000001
core   0: 0xffffffff80000038 (0x00bf8fb3) add     t6, t6, a1
3 0x80000038 (0x00bf8fb3) x31 0x00000008
core   0: 0xffffffff8000003c (0xfea61ce3) bne     a2, a0, pc - 8
3 0x8000003c (0xfea61ce3)
core   0: 0xffffffff80000034 (0x40d50533) sub     a0, a0, a3
3 0x80000034 (0x40d50533) x10 0x00000000
core   0: 0xffffffff80000038 (0x00bf8fb3) add     t6, t6, a1
3 0x80000038 (0x00bf8fb3) x31 0x0000000c
core   0: 0xffffffff8000003c (0xfea61ce3) bne     a2, a0, pc - 8
3 0x8000003c (0xfea61ce3)
core   0: 0xffffffff80000040 (0x00c00a13) addi    s4, zero, 12
3 0x80000040 (0x00c00a13) x20 0x0000000c
core   0: 0xffffffff80000044 (0x008000ef) jal     pc + 0x8
3 0x80000044 (0x008000ef) x 1 0x80000048
core   0: 0xffffffff8000004c (0x014f8463) beq     t6, s4, pc + 8
3 0x8000004c (0x014f8463)
core   0: 0xffffffff80000054 (0x00010283) lb      t0, 0(sp)
3 0x80000054 (0x00010283) x 5 0x0000002d mem 0x800000b4
core   0: 0xffffffff80000058 (0x00518023) sb      t0, 0(gp)
3 0x80000058 (0x00518023) mem 0x13000000 0x2d
core   0: 0xffffffff8000005c (0x00110113) addi    sp, sp, 1
3 0x8000005c (0x00110113) x 2 0x800000b5
core   0: 0xffffffff80000060 (0xfe029ae3) bnez    t0, pc - 12
3 0x80000060 (0xfe029ae3)
core   0: 0xffffffff80000054 (0x00010283) lb      t0, 0(sp)
3 0x80000054 (0x00010283) x 5 0x0000002d mem 0x800000b5
core   0: 0xffffffff80000058 (0x00518023) sb      t0, 0(gp)
3 0x80000058 (0x00518023) mem 0x13000000 0x2d
core   0: 0xffffffff8000005c (0x00110113) addi    sp, sp, 1
3 0x8000005c (0x00110113) x 2 0x800000b6
core   0: 0xffffffff80000060 (0xfe029ae3) bnez    t0, pc - 12
3 0x80000060 (0xfe029ae3)
core   0: 0xffffffff80000054 (0x00010283) lb      t0, 0(sp)
3 0x80000054 (0x00010283) x 5 0x0000002d mem 0x800000b6
core   0: 0xffffffff80000058 (0x00518023) sb      t0, 0(gp)
3 0x80000058 (0x00518023) mem 0x13000000 0x2d
core   0: 0xffffffff8000005c (0x00110113) addi    sp, sp, 1
3 0x8000005c (0x00110113) x 2 0x800000b7
core   0: 0xffffffff80000060 (0xfe029ae3) bnez    t0, pc - 12
3 0x80000060 (0xfe029ae3)
core   0: 0xffffffff80000054 (0x00010283) lb      t0, 0(sp)
3 0x80000054 (0x00010283) x 5 0x0000002d mem 0x800000b7
core   0: 0xffffffff80000058 (0x00518023) sb      t0, 0(gp)
3 0x80000058 (0x00518023) mem 0x13000000 0x2d
core   0: 0xffffffff8000005c (0x00110113) addi    sp, sp, 1
3 0x8000005c (0x00110113) x 2 0x800000b8
core   0: 0xffffffff80000060 (0xfe029ae3) bnez    t0, pc - 12
3 0x80000060 (0xfe029ae3)
core   0: 0xffffffff80000054 (0x00010283) lb      t0, 0(sp)
3 0x80000054 (0x00010283) x 5 0x0000002d mem 0x800000b8
core   0: 0xffffffff80000058 (0x00518023) sb      t0, 0(gp)
3 0x80000058 (0x00518023) mem 0x13000000 0x2d
core   0: 0xffffffff8000005c (0x00110113) addi    sp, sp, 1
3 0x8000005c (0x00110113) x 2 0x800000b9
core   0: 0xffffffff80000060 (0xfe029ae3) bnez    t0, pc - 12
3 0x80000060 (0xfe029ae3)
core   0: 0xffffffff80000054 (0x00010283) lb      t0, 0(sp)
3 0x80000054 (0x00010283) x 5 0x0000002d mem 0x800000b9
core   0: 0xffffffff80000058 (0x00518023) sb      t0, 0(gp)
3 0x80000058 (0x00518023) mem 0x13000000 0x2d
core   0: 0xffffffff8000005c (0x00110113) addi    sp, sp, 1
3 0x8000005c (0x00110113) x 2 0x800000ba
core   0: 0xffffffff80000060 (0xfe029ae3) bnez    t0, pc - 12
3 0x80000060 (0xfe029ae3)
core   0: 0xffffffff80000054 (0x00010283) lb      t0, 0(sp)
3 0x80000054 (0x00010283) x 5 0x00000050 mem 0x800000ba
core   0: 0xffffffff80000058 (0x00518023) sb      t0, 0(gp)
3 0x80000058 (0x00518023) mem 0x13000000 0x50
core   0: 0xffffffff8000005c (0x00110113) addi    sp, sp, 1
3 0x8000005c (0x00110113) x 2 0x800000bb
core   0: 0xffffffff80000060 (0xfe029ae3) bnez    t0, pc - 12
3 0x80000060 (0xfe029ae3)
core   0: 0xffffffff80000054 (0x00010283) lb      t0, 0(sp)
3 0x80000054 (0x00010283) x 5 0x00000041 mem 0x800000bb
core   0: 0xffffffff80000058 (0x00518023) sb      t0, 0(gp)
3 0x80000058 (0x00518023) mem 0x13000000 0x41
core   0: 0xffffffff8000005c (0x00110113) addi    sp, sp, 1
3 0x8000005c (0x00110113) x 2 0x800000bc
core   0: 0xffffffff80000060 (0xfe029ae3) bnez    t0, pc - 12
3 0x80000060 (0xfe029ae3)
core   0: 0xffffffff80000054 (0x00010283) lb      t0, 0(sp)
3 0x80000054 (0x00010283) x 5 0x00000053 mem 0x800000bc
core   0: 0xffffffff80000058 (0x00518023) sb      t0, 0(gp)
3 0x80000058 (0x00518023) mem 0x13000000 0x53
core   0: 0xffffffff8000005c (0x00110113) addi    sp, sp, 1
3 0x8000005c (0x00110113) x 2 0x800000bd
core   0: 0xffffffff80000060 (0xfe029ae3) bnez    t0, pc - 12
3 0x80000060 (0xfe029ae3)
core   0: 0xffffffff80000054 (0x00010283) lb      t0, 0(sp)
3 0x80000054 (0x00010283) x 5 0x00000053 mem 0x800000bd
core   0: 0xffffffff80000058 (0x00518023) sb      t0, 0(gp)
3 0x80000058 (0x00518023) mem 0x13000000 0x53
core   0: 0xffffffff8000005c (0x00110113) addi    sp, sp, 1
3 0x8000005c (0x00110113) x 2 0x800000be
core   0: 0xffffffff80000060 (0xfe029ae3) bnez    t0, pc - 12
3 0x80000060 (0xfe029ae3)
core   0: 0xffffffff80000054 (0x00010283) lb      t0, 0(sp)
3 0x80000054 (0x00010283) x 5 0x0000002d mem 0x800000be
core   0: 0xffffffff80000058 (0x00518023) sb      t0, 0(gp)
3 0x80000058 (0x00518023) mem 0x13000000 0x2d
core   0: 0xffffffff8000005c (0x00110113) addi    sp, sp, 1
3 0x8000005c (0x00110113) x 2 0x800000bf
core   0: 0xffffffff80000060 (0xfe029ae3) bnez    t0, pc - 12
3 0x80000060 (0xfe029ae3)
core   0: 0xffffffff80000054 (0x00010283) lb      t0, 0(sp)
3 0x80000054 (0x00010283) x 5 0x0000002d mem 0x800000bf
core   0: 0xffffffff80000058 (0x00518023) sb      t0, 0(gp)
3 0x80000058 (0x00518023) mem 0x13000000 0x2d
core   0: 0xffffffff8000005c (0x00110113) addi    sp, sp, 1
3 0x8000005c (0x00110113) x 2 0x800000c0
core   0: 0xffffffff80000060 (0xfe029ae3) bnez    t0, pc - 12
3 0x80000060 (0xfe029ae3)
core   0: 0xffffffff80000054 (0x00010283) lb      t0, 0(sp)
3 0x80000054 (0x00010283) x 5 0x0000002d mem 0x800000c0
core   0: 0xffffffff80000058 (0x00518023) sb      t0, 0(gp)
3 0x80000058 (0x00518023) mem 0x13000000 0x2d
core   0: 0xffffffff8000005c (0x00110113) addi    sp, sp, 1
3 0x8000005c (0x00110113) x 2 0x800000c1
core   0: 0xffffffff80000060 (0xfe029ae3) bnez    t0, pc - 12
3 0x80000060 (0xfe029ae3)
core   0: 0xffffffff80000054 (0x00010283) lb      t0, 0(sp)
3 0x80000054 (0x00010283) x 5 0x0000002d mem 0x800000c1
core   0: 0xffffffff80000058 (0x00518023) sb      t0, 0(gp)
3 0x80000058 (0x00518023) mem 0x13000000 0x2d
core   0: 0xffffffff8000005c (0x00110113) addi    sp, sp, 1
3 0x8000005c (0x00110113) x 2 0x800000c2
core   0: 0xffffffff80000060 (0xfe029ae3) bnez    t0, pc - 12
3 0x80000060 (0xfe029ae3)
core   0: 0xffffffff80000054 (0x00010283) lb      t0, 0(sp)
3 0x80000054 (0x00010283) x 5 0x0000002d mem 0x800000c2
core   0: 0xffffffff80000058 (0x00518023) sb      t0, 0(gp)
3 0x80000058 (0x00518023) mem 0x13000000 0x2d
core   0: 0xffffffff8000005c (0x00110113) addi    sp, sp, 1
3 0x8000005c (0x00110113) x 2 0x800000c3
core   0: 0xffffffff80000060 (0xfe029ae3) bnez    t0, pc - 12
3 0x80000060 (0xfe029ae3)
core   0: 0xffffffff80000054 (0x00010283) lb      t0, 0(sp)
3 0x80000054 (0x00010283) x 5 0x0000002d mem 0x800000c3
core   0: 0xffffffff80000058 (0x00518023) sb      t0, 0(gp)
3 0x80000058 (0x00518023) mem 0x13000000 0x2d
core   0: 0xffffffff8000005c (0x00110113) addi    sp, sp, 1
3 0x8000005c (0x00110113) x 2 0x800000c4
core   0: 0xffffffff80000060 (0xfe029ae3) bnez    t0, pc - 12
3 0x80000060 (0xfe029ae3)
core   0: 0xffffffff80000054 (0x00010283) lb      t0, 0(sp)
3 0x80000054 (0x00010283) x 5 0x00000000 mem 0x800000c4
core   0: 0xffffffff80000058 (0x00518023) sb      t0, 0(gp)
3 0x80000058 (0x00518023) mem 0x13000000 0x0
core   0: 0xffffffff8000005c (0x00110113) addi    sp, sp, 1
3 0x8000005c (0x00110113) x 2 0x800000c5
core   0: 0xffffffff80000060 (0xfe029ae3) bnez    t0, pc - 12
3 0x80000060 (0xfe029ae3)
core   0: 0xffffffff80000064 (0x000e8283) lb      t0, 0(t4)
3 0x80000064 (0x000e8283) x 5 0x0000000a mem 0x800000e8
core   0: 0xffffffff80000068 (0x00518023) sb      t0, 0(gp)
3 0x80000068 (0x00518023) mem 0x13000000 0xa
core   0: 0xffffffff8000006c (0x00000117) auipc   sp, 0x0
3 0x8000006c (0x00000117) x 2 0x8000006c
core   0: 0xffffffff80000070 (0x04810113) addi    sp, sp, 72
3 0x80000070 (0x04810113) x 2 0x800000b4
core   0: 0xffffffff80000074 (0x00008067) ret
3 0x80000074 (0x00008067)
core   0: 0xffffffff80000048 (0x05c0006f) j       pc + 0x5c
3 0x80000048 (0x05c0006f)
core   0: 0xffffffff800000a4 (0x130001b7) lui     gp, 0x13000
3 0x800000a4 (0x130001b7) x 3 0x13000000
core   0: 0xffffffff800000a8 (0x00400293) addi    t0, zero, 4
3 0x800000a8 (0x00400293) x 5 0x00000004
core   0: 0xffffffff800000ac (0x00518023) sb      t0, 0(gp)
